0 info it worked if it ends with ok
1 verbose cli [ 'C:\\Program Files\\nodejs\\node.exe',
1 verbose cli   'C:\\Program Files\\nodejs\\node_modules\\npm\\bin\\npm-cli.js',
1 verbose cli   'install',
1 verbose cli   '-g',
1 verbose cli   'n' ]
2 info using npm@2.14.12
3 info using node@v4.3.2
4 verbose install initial load of C:\Users\CarlO\AppData\Roaming\npm\package.json
5 verbose readDependencies loading dependencies from C:\Users\CarlO\AppData\Roaming\npm\package.json
6 silly cache add args [ 'n', null ]
7 verbose cache add spec n
8 silly cache add parsed spec Result {
8 silly cache add   raw: 'n',
8 silly cache add   scope: null,
8 silly cache add   name: 'n',
8 silly cache add   rawSpec: '',
8 silly cache add   spec: 'latest',
8 silly cache add   type: 'tag' }
9 silly addNamed n@latest
10 verbose addNamed "latest" is being treated as a dist-tag for n
11 info addNameTag [ 'n', 'latest' ]
12 silly mapToRegistry name n
13 silly mapToRegistry using default registry
14 silly mapToRegistry registry https://registry.npmjs.org/
15 silly mapToRegistry uri https://registry.npmjs.org/n
16 verbose addNameTag registry:https://registry.npmjs.org/n not in flight; fetching
17 verbose request uri https://registry.npmjs.org/n
18 verbose request no auth needed
19 info attempt registry request try #1 at 4:31:01 AM
20 verbose request id 283cdda2fada93b0
21 http request GET https://registry.npmjs.org/n
22 http 200 https://registry.npmjs.org/n
23 verbose headers { server: 'nginx/1.10.1',
23 verbose headers   'content-type': 'application/json',
23 verbose headers   'last-modified': 'Mon, 20 Feb 2017 03:45:23 GMT',
23 verbose headers   etag: 'W/"58aa6653-fa87"',
23 verbose headers   'content-encoding': 'gzip',
23 verbose headers   'cache-control': 'max-age=300',
23 verbose headers   'content-length': '10757',
23 verbose headers   'accept-ranges': 'bytes',
23 verbose headers   date: 'Wed, 22 Feb 2017 09:31:01 GMT',
23 verbose headers   via: '1.1 varnish',
23 verbose headers   age: '0',
23 verbose headers   connection: 'keep-alive',
23 verbose headers   'x-served-by': 'cache-jfk8134-JFK',
23 verbose headers   'x-cache': 'MISS',
23 verbose headers   'x-cache-hits': '0',
23 verbose headers   'x-timer': 'S1487755861.753812,VS0,VE68',
23 verbose headers   vary: 'Accept-Encoding' }
24 silly get cb [ 200,
24 silly get   { server: 'nginx/1.10.1',
24 silly get     'content-type': 'application/json',
24 silly get     'last-modified': 'Mon, 20 Feb 2017 03:45:23 GMT',
24 silly get     etag: 'W/"58aa6653-fa87"',
24 silly get     'content-encoding': 'gzip',
24 silly get     'cache-control': 'max-age=300',
24 silly get     'content-length': '10757',
24 silly get     'accept-ranges': 'bytes',
24 silly get     date: 'Wed, 22 Feb 2017 09:31:01 GMT',
24 silly get     via: '1.1 varnish',
24 silly get     age: '0',
24 silly get     connection: 'keep-alive',
24 silly get     'x-served-by': 'cache-jfk8134-JFK',
24 silly get     'x-cache': 'MISS',
24 silly get     'x-cache-hits': '0',
24 silly get     'x-timer': 'S1487755861.753812,VS0,VE68',
24 silly get     vary: 'Accept-Encoding' } ]
25 verbose get saving n to C:\Users\CarlO\AppData\Roaming\npm-cache\registry.npmjs.org\n\.cache.json
26 silly addNameTag next cb for n with tag latest
27 silly addNamed n@2.1.4
28 verbose addNamed "2.1.4" is a plain semver version for n
29 silly mapToRegistry name n
30 silly mapToRegistry using default registry
31 silly mapToRegistry registry https://registry.npmjs.org/
32 silly mapToRegistry uri https://registry.npmjs.org/n
33 verbose addRemoteTarball https://registry.npmjs.org/n/-/n-2.1.4.tgz not in flight; adding
34 verbose addRemoteTarball [ 'https://registry.npmjs.org/n/-/n-2.1.4.tgz',
34 verbose addRemoteTarball   '7546bc467a120cc96718f2716cd86c43290f94c5' ]
35 info retry fetch attempt 1 at 4:31:02 AM
36 info attempt registry request try #1 at 4:31:02 AM
37 http fetch GET https://registry.npmjs.org/n/-/n-2.1.4.tgz
38 http fetch 200 https://registry.npmjs.org/n/-/n-2.1.4.tgz
39 silly fetchAndShaCheck shasum 7546bc467a120cc96718f2716cd86c43290f94c5
40 verbose addTmpTarball C:\Users\CarlO\AppData\Local\Temp\npm-1184-f7953562\registry.npmjs.org\n\-\n-2.1.4.tgz not in flight; adding
41 verbose addTmpTarball already have metadata; skipping unpack for n@2.1.4
42 silly cache afterAdd n@2.1.4
43 verbose afterAdd C:\Users\CarlO\AppData\Roaming\npm-cache\n\2.1.4\package\package.json not in flight; writing
44 verbose afterAdd C:\Users\CarlO\AppData\Roaming\npm-cache\n\2.1.4\package\package.json written
45 silly install resolved [ { name: 'n',
45 silly install resolved     description: 'Interactively Manage All Your Node Versions',
45 silly install resolved     version: '2.1.4',
45 silly install resolved     author: { name: 'TJ Holowaychuk', email: 'tj@vision-media.ca' },
45 silly install resolved     homepage: 'https://github.com/tj/n',
45 silly install resolved     bugs: { url: 'https://github.com/tj/n/issues' },
45 silly install resolved     contributors: [ [Object], [Object], [Object] ],
45 silly install resolved     keywords:
45 silly install resolved      [ 'nvm',
45 silly install resolved        'node',
45 silly install resolved        'version',
45 silly install resolved        'manager',
45 silly install resolved        'switcher',
45 silly install resolved        'node',
45 silly install resolved        'binary',
45 silly install resolved        'env' ],
45 silly install resolved     bin: { n: './bin/n' },
45 silly install resolved     repository: { type: 'git', url: 'git://github.com/tj/n.git' },
45 silly install resolved     preferGlobal: true,
45 silly install resolved     os: [ '!win32' ],
45 silly install resolved     engines: { node: '*' },
45 silly install resolved     license: 'MIT',
45 silly install resolved     gitHead: 'ff9ba303d972069903c0f951ece43f47adce24e8',
45 silly install resolved     _id: 'n@2.1.4',
45 silly install resolved     scripts: {},
45 silly install resolved     _shasum: '7546bc467a120cc96718f2716cd86c43290f94c5',
45 silly install resolved     _from: 'n@latest',
45 silly install resolved     _npmVersion: '3.10.3',
45 silly install resolved     _nodeVersion: '6.3.1',
45 silly install resolved     _npmUser: { name: 'qw3rtman', email: 'me@nimit.io' },
45 silly install resolved     dist:
45 silly install resolved      { shasum: '7546bc467a120cc96718f2716cd86c43290f94c5',
45 silly install resolved        tarball: 'https://registry.npmjs.org/n/-/n-2.1.4.tgz' },
45 silly install resolved     maintainers: [ [Object], [Object], [Object], [Object], [Object], [Object] ],
45 silly install resolved     _npmOperationalInternal:
45 silly install resolved      { host: 'packages-16-east.internal.npmjs.com',
45 silly install resolved        tmp: 'tmp/n-2.1.4.tgz_1470600124670_0.21058935346081853' },
45 silly install resolved     directories: {},
45 silly install resolved     _resolved: 'https://registry.npmjs.org/n/-/n-2.1.4.tgz' } ]
46 info install n@2.1.4 into C:\Users\CarlO\AppData\Roaming\npm
47 info installOne n@2.1.4
48 verbose installOne of n to C:\Users\CarlO\AppData\Roaming\npm not in flight; installing
49 verbose lock using C:\Users\CarlO\AppData\Roaming\npm-cache\_locks\n-ce561fd362433d25.lock for C:\Users\CarlO\AppData\Roaming\npm\node_modules\n
50 verbose unlock done using C:\Users\CarlO\AppData\Roaming\npm-cache\_locks\n-ce561fd362433d25.lock for C:\Users\CarlO\AppData\Roaming\npm\node_modules\n
51 verbose stack Error: Unsupported
51 verbose stack     at checkPlatform (C:\Program Files\nodejs\node_modules\npm\node_modules\npm-install-checks\index.js:47:14)
51 verbose stack     at Array.<anonymous> (C:\Program Files\nodejs\node_modules\npm\node_modules\slide\lib\bind-actor.js:15:8)
51 verbose stack     at LOOP (C:\Program Files\nodejs\node_modules\npm\node_modules\slide\lib\chain.js:15:14)
51 verbose stack     at C:\Program Files\nodejs\node_modules\npm\node_modules\slide\lib\chain.js:18:7
51 verbose stack     at checkEngine (C:\Program Files\nodejs\node_modules\npm\node_modules\npm-install-checks\index.js:26:10)
51 verbose stack     at Array.<anonymous> (C:\Program Files\nodejs\node_modules\npm\node_modules\slide\lib\bind-actor.js:15:8)
51 verbose stack     at LOOP (C:\Program Files\nodejs\node_modules\npm\node_modules\slide\lib\chain.js:15:14)
51 verbose stack     at chain (C:\Program Files\nodejs\node_modules\npm\node_modules\slide\lib\chain.js:20:5)
51 verbose stack     at C:\Program Files\nodejs\node_modules\npm\lib\install.js:1038:5
51 verbose stack     at C:\Program Files\nodejs\node_modules\npm\lib\utils\locker.js:39:7
52 verbose pkgid n@2.1.4
53 verbose cwd C:\Users\CarlO\Desktop\timestamp-api
54 error Windows_NT 10.0.14393
55 error argv "C:\\Program Files\\nodejs\\node.exe" "C:\\Program Files\\nodejs\\node_modules\\npm\\bin\\npm-cli.js" "install" "-g" "n"
56 error node v4.3.2
57 error npm  v2.14.12
58 error code EBADPLATFORM
59 error notsup Unsupported
59 error notsup Not compatible with your operating system or architecture: n@2.1.4
59 error notsup Valid OS:    !win32
59 error notsup Valid Arch:  any
59 error notsup Actual OS:   win32
59 error notsup Actual Arch: x64
60 verbose exit [ 1, true ]
